{
  "RSpec": {
    "coverage": {
      "/Users/hamaguchi.ryosuke/workspace/skiller/spec/controllers/account_activations_controller_spec.rb": [
        1,
        null,
        1,
        null,
        null
      ],
      "/Users/hamaguchi.ryosuke/workspace/skiller/spec/rails_helper.rb": [
        null,
        1,
        1,
        1,
        null,
        1,
        1,
        1,
        1,
        1,
        1,
        1,
        1,
        null,
        null,
        null,
        null,
        null,
        null,
        null,
        null,
        null,
        null,
        null,
        null,
        null,
        null,
        null,
        null,
        null,
        null,
        null,
        null,
        null,
        null,
        1,
        null,
        1,
        1,
        null,
        1,
        0,
        0,
        null,
        null,
        null,
        null,
        1,
        0,
        null,
        null,
        null,
        1,
        null,
        1,
        10,
        8,
        null,
        null,
        null,
        null,
        1,
        1,
        1,
        1,
        null,
        1,
        null,
        null,
        null,
        null,
        1,
        null,
        null,
        null,
        null,
        null,
        null,
        null,
        null,
        null,
        null,
        null,
        null,
        null,
        1,
        null,
        null,
        1,
        null,
        null,
        null
      ],
      "/Users/hamaguchi.ryosuke/workspace/skiller/config/environment.rb": [
        null,
        1,
        null,
        null,
        1
      ],
      "/Users/hamaguchi.ryosuke/workspace/skiller/config/application.rb": [
        1,
        null,
        1,
        null,
        null,
        null,
        1,
        null,
        1,
        1,
        null,
        1,
        null,
        null,
        null,
        null,
        1,
        null,
        null
      ],
      "/Users/hamaguchi.ryosuke/workspace/skiller/config/boot.rb": [
        1,
        null,
        1
      ],
      "/Users/hamaguchi.ryosuke/workspace/skiller/config/environments/test.rb": [
        1,
        null,
        null,
        null,
        null,
        null,
        null,
        1,
        null,
        null,
        null,
        null,
        1,
        null,
        null,
        1,
        1,
        null,
        null,
        null,
        null,
        1,
        1,
        null,
        null,
        1,
        null,
        null,
        1,
        1,
        null,
        null,
        null,
        null,
        1,
        null,
        null,
        1,
        null,
        1,
        1,
        null,
        null,
        null
      ],
      "/Users/hamaguchi.ryosuke/workspace/skiller/config/initializers/application_controller_renderer.rb": [
        null,
        null,
        null,
        null,
        null,
        null
      ],
      "/Users/hamaguchi.ryosuke/workspace/skiller/config/initializers/assets.rb": [
        null,
        null,
        null,
        1,
        null,
        null,
        null,
        null,
        1,
        null,
        null,
        null,
        null,
        null
      ],
      "/Users/hamaguchi.ryosuke/workspace/skiller/config/initializers/backtrace_silencers.rb": [
        null,
        null,
        null,
        null,
        null,
        null,
        null
      ],
      "/Users/hamaguchi.ryosuke/workspace/skiller/config/initializers/cookies_serializer.rb": [
        null,
        null,
        null,
        null,
        1
      ],
      "/Users/hamaguchi.ryosuke/workspace/skiller/config/initializers/filter_parameter_logging.rb": [
        null,
        null,
        null,
        1
      ],
      "/Users/hamaguchi.ryosuke/workspace/skiller/config/initializers/inflections.rb": [
        null,
        null,
        null,
        null,
        null,
        null,
        null,
        null,
        null,
        null,
        null,
        null,
        null,
        null,
        null,
        null
      ],
      "/Users/hamaguchi.ryosuke/workspace/skiller/config/initializers/mime_types.rb": [
        null,
        null,
        null,
        null
      ],
      "/Users/hamaguchi.ryosuke/workspace/skiller/config/initializers/wrap_parameters.rb": [
        null,
        null,
        null,
        null,
        null,
        null,
        1,
        2,
        null,
        null,
        null,
        null,
        null,
        null
      ],
      "/Users/hamaguchi.ryosuke/workspace/skiller/config/routes.rb": [
        1,
        null,
        1,
        1,
        1,
        1,
        1,
        1,
        1,
        1,
        1,
        1,
        null
      ],
      "/Users/hamaguchi.ryosuke/workspace/skiller/app/helpers/account_activations_helper.rb": [
        1,
        null
      ],
      "/Users/hamaguchi.ryosuke/workspace/skiller/app/helpers/accounts_helper.rb": [
        1,
        null
      ],
      "/Users/hamaguchi.ryosuke/workspace/skiller/app/helpers/application_helper.rb": [
        1,
        null
      ],
      "/Users/hamaguchi.ryosuke/workspace/skiller/app/helpers/homes_helper.rb": [
        1,
        null
      ],
      "/Users/hamaguchi.ryosuke/workspace/skiller/app/helpers/password_resets_helper.rb": [
        1,
        null
      ],
      "/Users/hamaguchi.ryosuke/workspace/skiller/app/helpers/sessions_helper.rb": [
        1,
        null,
        1,
        3,
        null,
        null,
        1,
        0,
        null,
        null,
        1,
        0,
        0,
        0,
        null,
        null,
        null,
        1,
        29,
        17,
        12,
        0,
        0,
        0,
        0,
        null,
        null,
        null,
        null,
        1,
        25,
        null,
        null,
        null,
        1,
        3,
        3,
        3,
        null,
        null,
        null,
        1,
        0,
        0,
        0,
        null,
        null,
        null,
        1,
        0,
        0,
        null,
        null,
        null,
        1,
        10,
        null,
        null
      ],
      "/Users/hamaguchi.ryosuke/workspace/skiller/app/helpers/users_helper.rb": [
        1,
        1,
        0,
        null,
        null,
        null,
        1,
        4,
        1,
        3,
        0,
        0,
        0,
        0,
        null,
        null,
        null,
        null
      ],
      "/Users/hamaguchi.ryosuke/workspace/skiller/spec/factories/accounts.rb": [
        1,
        1,
        1,
        1,
        1,
        1,
        1,
        1,
        null,
        1,
        3,
        1,
        null,
        null,
        null
      ],
      "/Users/hamaguchi.ryosuke/workspace/skiller/spec/factories/skills.rb": [
        1,
        1,
        1,
        null,
        null
      ],
      "/Users/hamaguchi.ryosuke/workspace/skiller/spec/factories/users.rb": [
        1,
        1,
        1,
        1,
        1,
        1,
        null,
        1,
        16,
        null,
        null,
        null,
        1,
        1,
        1,
        1,
        1,
        null,
        null,
        1,
        1,
        1,
        1,
        1,
        1,
        null,
        null
      ],
      "/Users/hamaguchi.ryosuke/workspace/skiller/app/controllers/account_activations_controller.rb": [
        1,
        null,
        1,
        0,
        0,
        0,
        0,
        null,
        0,
        0,
        null,
        0,
        0,
        null,
        null,
        null,
        null
      ],
      "/Users/hamaguchi.ryosuke/workspace/skiller/app/controllers/application_controller.rb": [
        1,
        1,
        1,
        null,
        1,
        null,
        null,
        1,
        19,
        10,
        10,
        10,
        null,
        null,
        null
      ],
      "/Users/hamaguchi.ryosuke/workspace/skiller/spec/controllers/accounts_controller_spec.rb": [
        1,
        null,
        1,
        10,
        null,
        1,
        3,
        3,
        1,
        2,
        2,
        null,
        null,
        null,
        1,
        8,
        null,
        1,
        3,
        2,
        2,
        null,
        null,
        1,
        2,
        2,
        null,
        null,
        null,
        1,
        3,
        2,
        2,
        null,
        null,
        1,
        3,
        2,
        2,
        null,
        null,
        null,
        null,
        null,
        null,
        null,
        null,
        null,
        null,
        null,
        null,
        null,
        null,
        null,
        null
      ],
      "/Users/hamaguchi.ryosuke/workspace/skiller/app/controllers/accounts_controller.rb": [
        1,
        1,
        null,
        1,
        3,
        null,
        null,
        1,
        8,
        8,
        8,
        1,
        1,
        null,
        7,
        null,
        null,
        null,
        1,
        0,
        0,
        0,
        null,
        null,
        null,
        1,
        1,
        8,
        null,
        null,
        null,
        null,
        null,
        1,
        0,
        null,
        null
      ],
      "/Users/hamaguchi.ryosuke/workspace/skiller/spec/controllers/home_controller_spec.rb": [
        1,
        null,
        1,
        null,
        1,
        1,
        1,
        1,
        null,
        null,
        null,
        null
      ],
      "/Users/hamaguchi.ryosuke/workspace/skiller/app/controllers/home_controller.rb": [
        1,
        1,
        null,
        null
      ],
      "/Users/hamaguchi.ryosuke/workspace/skiller/spec/controllers/sessions_controller_spec.rb": [
        1,
        null,
        1,
        12,
        7,
        1,
        2,
        1,
        2,
        null,
        null,
        null,
        1,
        9,
        9,
        12,
        null,
        1,
        2,
        2,
        null,
        null,
        1,
        4,
        2,
        2,
        2,
        null,
        null,
        1,
        4,
        2,
        2,
        2,
        null,
        null,
        1,
        4,
        1,
        3,
        null,
        null,
        2,
        2,
        2,
        null,
        null,
        null,
        1,
        3,
        2,
        2,
        null,
        null
      ],
      "/Users/hamaguchi.ryosuke/workspace/skiller/app/controllers/sessions_controller.rb": [
        1,
        1,
        null,
        null,
        1,
        15,
        15,
        9,
        3,
        3,
        3,
        3,
        null,
        6,
        6,
        6,
        6,
        null,
        null,
        6,
        6,
        null,
        null,
        null,
        1,
        2,
        2,
        null,
        null
      ],
      "/Users/hamaguchi.ryosuke/workspace/skiller/spec/controllers/users_controller_spec.rb": [
        1,
        null,
        1,
        17,
        17,
        10,
        null,
        1,
        1,
        2,
        2,
        null,
        3,
        null,
        1,
        2,
        2,
        null,
        null,
        null,
        1,
        5,
        5,
        null,
        1,
        3,
        2,
        2,
        null,
        null,
        1,
        3,
        2,
        2,
        null,
        null,
        null,
        null,
        1,
        3,
        null,
        1,
        2,
        2,
        null,
        null,
        null,
        1,
        3,
        null,
        1,
        2,
        2,
        null,
        null,
        null,
        1,
        1,
        3,
        2,
        2,
        null,
        null,
        1,
        1,
        2,
        2,
        null,
        3,
        3,
        2,
        2,
        null,
        null,
        null,
        null,
        null,
        null,
        null,
        null,
        null,
        null,
        null,
        null,
        null,
        1,
        1,
        2,
        2,
        null,
        null,
        1,
        3,
        3,
        2,
        2,
        null,
        null,
        null,
        null,
        null,
        null,
        null,
        null,
        null,
        null,
        null,
        null,
        null,
        null,
        null,
        null,
        null,
        null,
        null,
        null
      ],
      "/Users/hamaguchi.ryosuke/workspace/skiller/app/controllers/users_controller.rb": [
        1,
        1,
        1,
        null,
        1,
        1,
        null,
        null,
        1,
        2,
        null,
        null,
        1,
        4,
        4,
        2,
        2,
        null,
        2,
        null,
        null,
        null,
        1,
        0,
        0,
        0,
        0,
        0,
        0,
        null,
        null,
        0,
        0,
        0,
        0,
        0,
        null,
        null,
        null,
        null,
        1,
        0,
        null,
        null,
        1,
        0,
        0,
        0,
        0,
        0,
        0,
        0,
        0,
        null,
        0,
        null,
        null,
        null,
        null,
        null,
        null,
        null,
        1,
        4,
        null,
        null,
        null,
        null,
        null,
        null,
        null,
        null,
        1,
        2,
        2,
        2,
        null,
        null
      ],
      "/Users/hamaguchi.ryosuke/workspace/skiller/spec/features/sign_in_spec.rb": [
        1,
        null,
        1,
        2,
        1,
        1,
        1,
        1,
        1,
        null,
        1,
        null,
        null
      ],
      "/Users/hamaguchi.ryosuke/workspace/skiller/spec/features/sign_up_spec.rb": [
        1,
        null,
        1,
        1,
        null,
        null,
        1,
        1,
        1,
        1,
        1,
        1,
        1,
        null,
        null
      ],
      "/Users/hamaguchi.ryosuke/workspace/skiller/spec/helpers/account_activations_helper_spec.rb": [
        1,
        null,
        null,
        null,
        null,
        null,
        null,
        null,
        null,
        null,
        null,
        null,
        1,
        1,
        null
      ],
      "/Users/hamaguchi.ryosuke/workspace/skiller/spec/helpers/accounts_helper_spec.rb": [
        1,
        null,
        null,
        null,
        null,
        null,
        null,
        null,
        null,
        null,
        null,
        null,
        1,
        1,
        null
      ],
      "/Users/hamaguchi.ryosuke/workspace/skiller/spec/helpers/homes_helper_spec.rb": [
        1,
        null,
        null,
        null,
        null,
        null,
        null,
        null,
        null,
        null,
        null,
        null,
        1,
        1,
        null
      ],
      "/Users/hamaguchi.ryosuke/workspace/skiller/spec/helpers/sessions_helper_spec.rb": [
        1,
        null,
        null,
        null,
        null,
        null,
        null,
        null,
        null,
        null,
        null,
        null,
        1,
        1,
        null
      ],
      "/Users/hamaguchi.ryosuke/workspace/skiller/spec/helpers/users_helper_spec.rb": [
        1,
        null,
        null,
        null,
        null,
        null,
        null,
        null,
        null,
        null,
        null,
        null,
        1,
        1,
        null
      ],
      "/Users/hamaguchi.ryosuke/workspace/skiller/spec/mailers/account_mailer_spec.rb": [
        null,
        null,
        null,
        null,
        null,
        null,
        null,
        null,
        null,
        null,
        null,
        null,
        null,
        null,
        null,
        null,
        null,
        null,
        null,
        null,
        null,
        null,
        null,
        null,
        null,
        null,
        null,
        null,
        null,
        null,
        null,
        null,
        null,
        null,
        null,
        null,
        null,
        null,
        null,
        null,
        null,
        null,
        null
      ],
      "/Users/hamaguchi.ryosuke/workspace/skiller/spec/models/account_spec.rb": [
        1,
        null,
        1,
        10,
        7,
        1,
        2,
        null,
        null,
        1,
        1,
        2,
        2,
        null,
        null,
        1,
        2,
        2,
        null,
        null,
        1,
        2,
        2,
        2,
        null,
        null,
        1,
        2,
        1,
        1,
        1,
        null,
        2,
        null,
        null,
        1,
        2,
        2,
        2,
        null,
        null,
        1,
        2,
        2,
        2,
        null,
        null,
        1,
        3,
        1,
        2,
        2,
        2,
        null,
        null,
        1,
        2,
        2,
        null,
        null,
        null,
        null
      ],
      "/Users/hamaguchi.ryosuke/workspace/skiller/app/models/account.rb": [
        1,
        1,
        1,
        1,
        1,
        null,
        1,
        null,
        null,
        null,
        1,
        1,
        null,
        1,
        null,
        null,
        1,
        47,
        null,
        47,
        null,
        null,
        null,
        1,
        47,
        null,
        null,
        null,
        null,
        1,
        0,
        null,
        null,
        null,
        1,
        2,
        2,
        1,
        null,
        null,
        1,
        1,
        1,
        null,
        null,
        null,
        1,
        3,
        null,
        null,
        1,
        0,
        null,
        null,
        1,
        0,
        null,
        null,
        1,
        null,
        1,
        46,
        null,
        null,
        1,
        46,
        46,
        null,
        null
      ],
      "/Users/hamaguchi.ryosuke/workspace/skiller/app/models/application_record.rb": [
        1,
        1,
        null
      ],
      "/Users/hamaguchi.ryosuke/workspace/skiller/spec/models/learn_skill_spec.rb": [
        1,
        null,
        1,
        1,
        null
      ],
      "/Users/hamaguchi.ryosuke/workspace/skiller/app/models/learn_skill.rb": [
        1,
        1,
        1,
        null
      ],
      "/Users/hamaguchi.ryosuke/workspace/skiller/spec/models/skill_spec.rb": [
        1,
        null,
        1,
        1,
        null
      ],
      "/Users/hamaguchi.ryosuke/workspace/skiller/app/models/skill.rb": [
        1,
        1,
        1,
        1,
        1,
        null
      ],
      "/Users/hamaguchi.ryosuke/workspace/skiller/spec/models/teach_skill_spec.rb": [
        1,
        null,
        1,
        1,
        null
      ],
      "/Users/hamaguchi.ryosuke/workspace/skiller/app/models/teach_skill.rb": [
        1,
        1,
        1,
        null
      ],
      "/Users/hamaguchi.ryosuke/workspace/skiller/spec/models/user_spec.rb": [
        1,
        null,
        1,
        7,
        7,
        1,
        1,
        1,
        2,
        null,
        null,
        1,
        1,
        2,
        null,
        null,
        1,
        1,
        2,
        null,
        null,
        1,
        1,
        2,
        null,
        null,
        1,
        1,
        2,
        null,
        null,
        1,
        1,
        2,
        null,
        null,
        null
      ],
      "/Users/hamaguchi.ryosuke/workspace/skiller/app/models/user.rb": [
        1,
        1,
        1,
        1,
        1,
        1,
        1,
        1,
        null,
        null,
        1,
        1,
        1,
        1,
        null
      ],
      "/Users/hamaguchi.ryosuke/workspace/skiller/spec/views/accounts/new.html.haml_spec.rb": [
        1,
        null,
        1,
        1,
        null
      ],
      "/Users/hamaguchi.ryosuke/workspace/skiller/spec/views/homes/home.html.haml_spec.rb": [
        1,
        null,
        1,
        1,
        null
      ],
      "/Users/hamaguchi.ryosuke/workspace/skiller/spec/views/sessions/new.html.haml_spec.rb": [
        1,
        null,
        1,
        1,
        null
      ],
      "/Users/hamaguchi.ryosuke/workspace/skiller/app/decorators/activation_account_email_decorator.rb": [
        1,
        1,
        8,
        null,
        null,
        1,
        8,
        null,
        null,
        null,
        1,
        1,
        null,
        null
      ],
      "/Users/hamaguchi.ryosuke/workspace/skiller/app/mailers/account_mailer.rb": [
        1,
        null,
        null,
        null,
        null,
        null,
        null,
        1,
        1,
        1,
        null,
        null,
        null,
        null,
        null,
        null,
        null,
        1,
        0,
        0,
        null,
        null
      ],
      "/Users/hamaguchi.ryosuke/workspace/skiller/app/mailers/application_mailer.rb": [
        1,
        1,
        1,
        null
      ]
    },
    "timestamp": 1501492603
  }
}
